\BOOKMARK [1][-]{section*.1}{\376\377\000E\000x\000e\000r\000c\000i\000c\000e\000\040\0001}{}% 1
\BOOKMARK [2][-]{section*.2}{\376\377\000I\000n\000t\000r\000o\000d\000u\000c\000t\000i\000o\000n}{section*.1}% 2
\BOOKMARK [2][-]{section*.3}{\376\377\000P\000a\000r\000t\000i\000e\000\040\0001}{section*.1}% 3
\BOOKMARK [3][-]{section*.4}{\376\377\000D\000\351\000m\000a\000r\000c\000h\000e\000s\000\040\000d\000e\000\040\000c\000o\000n\000s\000t\000r\000u\000c\000t\000i\000o\000n\000\040\000d\000e\000s\000\040\000t\000a\000b\000l\000e\000s\000\040\000e\000t\000\040\000g\000r\000a\000p\000h\000i\000q\000u\000e\000s}{section*.3}% 4
\BOOKMARK [3][-]{section*.5}{\376\377\000C\000o\000m\000m\000e\000n\000t\000a\000i\000r\000e}{section*.3}% 5
\BOOKMARK [2][-]{section*.6}{\376\377\000P\000a\000r\000t\000i\000e\000\040\0002}{section*.1}% 6
\BOOKMARK [3][-]{section*.7}{\376\377\000D\000\351\000m\000a\000r\000c\000h\000e\000s\000\040\000d\000e\000\040\000c\000o\000n\000s\000t\000r\000u\000c\000t\000i\000o\000n\000\040\000d\000e\000s\000\040\000t\000a\000b\000l\000e\000s\000\040\000e\000t\000\040\000g\000r\000a\000p\000h\000i\000q\000u\000e\000s}{section*.6}% 7
\BOOKMARK [3][-]{section*.8}{\376\377\000C\000o\000m\000m\000e\000n\000t\000a\000i\000r\000e}{section*.6}% 8
\BOOKMARK [2][-]{section*.9}{\376\377\000C\000o\000n\000c\000l\000u\000s\000i\000o\000n}{section*.1}% 9
\BOOKMARK [1][-]{section*.10}{\376\377\000E\000x\000e\000r\000c\000i\000c\000e\000\040\0002}{}% 10
\BOOKMARK [2][-]{section*.11}{\376\377\000I\000n\000t\000r\000o\000d\000u\000c\000t\000i\000o\000n}{section*.10}% 11
\BOOKMARK [3][-]{section*.12}{\376\377\000D\000\351\000m\000a\000r\000c\000h\000e\000s\000\040\000d\000e\000\040\000c\000o\000n\000s\000t\000r\000u\000c\000t\000i\000o\000n\000\040\000d\000e\000s\000\040\000t\000a\000b\000l\000e\000s\000\040\000e\000t\000\040\000g\000r\000a\000p\000h\000i\000q\000u\000e\000s}{section*.11}% 12
\BOOKMARK [3][-]{section*.13}{\376\377\000C\000o\000m\000m\000e\000n\000t\000a\000i\000r\000e\000s}{section*.11}% 13
\BOOKMARK [1][-]{section*.14}{\376\377\000E\000x\000e\000r\000c\000i\000c\000e\000\040\0003}{}% 14
\BOOKMARK [2][-]{section*.15}{\376\377\000I\000n\000t\000r\000o\000d\000u\000c\000t\000i\000o\000n}{section*.14}% 15
\BOOKMARK [3][-]{section*.16}{\376\377\000D\000\351\000m\000a\000r\000c\000h\000e\000s\000\040\000d\000e\000\040\000c\000o\000n\000s\000t\000r\000u\000c\000t\000i\000o\000n\000\040\000d\000e\000s\000\040\000t\000a\000b\000l\000e\000s\000\040\000e\000t\000\040\000g\000r\000a\000p\000h\000i\000q\000u\000e\000s}{section*.15}% 16
\BOOKMARK [3][-]{section*.17}{\376\377\000C\000o\000m\000m\000e\000n\000t\000a\000i\000r\000e\000s}{section*.15}% 17
\BOOKMARK [1][-]{section*.18}{\376\377\000A\000n\000n\000e\000x\000e\000s}{}% 18
\BOOKMARK [2][-]{section*.19}{\376\377\000F\000i\000g\000u\000r\000e\000s\000\040\000e\000x\000e\000r\000c\000i\000c\000e\000\040\0001}{section*.18}% 19
\BOOKMARK [3][-]{section*.20}{\376\377\000F\000i\000g\000u\000r\000e\000s\000\040\000e\000x\000e\000r\000c\000i\000c\000e\000\040\0002}{section*.19}% 20
\BOOKMARK [3][-]{section*.21}{\376\377\000F\000i\000g\000u\000r\000e\000s\000\040\000e\000x\000e\000r\000c\000i\000c\000e\000\040\0003}{section*.19}% 21
